12:21:09 **** Incremental Build of configuration Default for project ProjectTest ****
make all 
[1;34mCompiling main.c[0m
[1;34mLinking build/Project_template.elf[0m
[1;34mCreating build/Project_template.hex[0m
[1;34mCreating build/Project_template.bin[0m
[1;34mCreating build/Project_template.dmp[0m

   text	   data	    bss	    dec	    hex	filename
  54868	   2980	  15900	  73748	  12014	build/Project_template.elf
[1;34mCreating build/Project_template.list[0m

[1;34mDone[0m
12:21:13 **** Incremental Build of configuration Default for project ProjectTest ****
make all 
make: Nothing to be done for 'all'.
12:21:18 **** Incremental Build of configuration Default for project ProjectTest ****
make all 
make: Nothing to be done for 'all'.
12:22:20 **** Incremental Build of configuration Default for project ProjectTest ****
make all 
[1;34mCompiling main.c[0m
main.c: In function 'main':
main.c:26:18: error: expected expression before 'unsigned'
     set_body_led(unsigned int 1);
                  ^~~~~~~~
make: *** [../e-puck2_main-processor/ChibiOS//os/common/ports/ARMCMx/compilers/GCC/rules.mk:217: build/obj/main.o] Error 1
"make all" terminated with exit code 2. Build might be incomplete.
12:22:29 **** Incremental Build of configuration Default for project ProjectTest ****
make all 
[1;34mCompiling main.c[0m
[1;34mLinking build/Project_template.elf[0m
[1;34mCreating build/Project_template.hex[0m
[1;34mCreating build/Project_template.bin[0m
[1;34mCreating build/Project_template.dmp[0m

   text	   data	    bss	    dec	    hex	filename
  54932	   2980	  15900	  73812	  12054	build/Project_template.elf
[1;34mCreating build/Project_template.list[0m

[1;34mDone[0m
12:22:32 **** Incremental Build of configuration Default for project ProjectTest ****
make all 
make: Nothing to be done for 'all'.
12:24:19 **** Incremental Build of configuration Default for project ProjectTest ****
make all 
make: Nothing to be done for 'all'.
12:24:21 **** Incremental Build of configuration Default for project ProjectTest ****
make all 
make: Nothing to be done for 'all'.
12:25:39 **** Incremental Build of configuration Default for project ProjectTest ****
make all 
[1;34mCompiling main.c[0m
[1;34mLinking build/Project_template.elf[0m
[1;34mCreating build/Project_template.hex[0m
[1;34mCreating build/Project_template.bin[0m
[1;34mCreating build/Project_template.dmp[0m

   text	   data	    bss	    dec	    hex	filename
  54932	   2980	  15900	  73812	  12054	build/Project_template.elf
[1;34mCreating build/Project_template.list[0m

[1;34mDone[0m
12:25:43 **** Incremental Build of configuration Default for project ProjectTest ****
make all 
make: Nothing to be done for 'all'.
12:25:46 **** Incremental Build of configuration Default for project ProjectTest ****
make all 
make: Nothing to be done for 'all'.
12:28:37 **** Incremental Build of configuration Default for project ProjectTest ****
make all 
[1;34mCompiling main.c[0m
[1;34mLinking build/Project_template.elf[0m
[1;34mCreating build/Project_template.hex[0m
[1;34mCreating build/Project_template.bin[0m
[1;34mCreating build/Project_template.dmp[0m

   text	   data	    bss	    dec	    hex	filename
  54996	   2980	  15900	  73876	  12094	build/Project_template.elf
[1;34mCreating build/Project_template.list[0m

[1;34mDone[0m
12:28:40 **** Incremental Build of configuration Default for project ProjectTest ****
make all 
make: Nothing to be done for 'all'.
12:48:53 **** Incremental Build of configuration Default for project ProjectTest ****
make all 
[1;34mCompiling main.c[0m
main.c: In function 'main':
main.c:28:5: warning: implicit declaration of function 'motors_init'; did you mean '_core_init'? [-Wimplicit-function-declaration]
     motors_init();
     ^~~~~~~~~~~
     _core_init
main.c:49:9: error: expected ')' before '{' token
         {
         ^
main.c:61:1: error: expected expression before '}' token
 }
 ^
main.c:69:1: error: expected declaration or statement at end of input
 }
 ^
main.c:64:11: warning: unused variable '__stack_chk_guard' [-Wunused-variable]
 uintptr_t __stack_chk_guard = STACK_CHK_GUARD;
           ^~~~~~~~~~~~~~~~~
At top level:
main.c:66:6: warning: '__stack_chk_fail' defined but not used [-Wunused-function]
 void __stack_chk_fail(void)
      ^~~~~~~~~~~~~~~~
make: *** [../e-puck2_main-processor/ChibiOS//os/common/ports/ARMCMx/compilers/GCC/rules.mk:217: build/obj/main.o] Error 1
"make all" terminated with exit code 2. Build might be incomplete.
12:49:17 **** Incremental Build of configuration Default for project ProjectTest ****
make all 
[1;34mCompiling main.c[0m
main.c: In function 'main':
main.c:28:5: warning: implicit declaration of function 'motors_init'; did you mean '_core_init'? [-Wimplicit-function-declaration]
     motors_init();
     ^~~~~~~~~~~
     _core_init
main.c:55:8: warning: implicit declaration of function 'left_motor_set_speed' [-Wimplicit-function-declaration]
        left_motor_set_speed(500;
        ^~~~~~~~~~~~~~~~~~~~
main.c:55:32: error: expected ')' before ';' token
        left_motor_set_speed(500;
                                ^
main.c:57:8: error: expected ';' before '}' token
        }
        ^
make: *** [../e-puck2_main-processor/ChibiOS//os/common/ports/ARMCMx/compilers/GCC/rules.mk:217: build/obj/main.o] Error 1
"make all" terminated with exit code 2. Build might be incomplete.
12:49:31 **** Incremental Build of configuration Default for project ProjectTest ****
make all 
[1;34mCompiling main.c[0m
main.c: In function 'main':
main.c:28:5: warning: implicit declaration of function 'motors_init'; did you mean '_core_init'? [-Wimplicit-function-declaration]
     motors_init();
     ^~~~~~~~~~~
     _core_init
main.c:55:8: warning: implicit declaration of function 'left_motor_set_speed' [-Wimplicit-function-declaration]
        left_motor_set_speed(500);
        ^~~~~~~~~~~~~~~~~~~~
main.c:56:8: warning: implicit declaration of function 'right_motor_set_speed' [-Wimplicit-function-declaration]
        right_motor_set_speed(-500);
        ^~~~~~~~~~~~~~~~~~~~~
[1;34mLinking build/Project_template.elf[0m
[1;34mCreating build/Project_template.hex[0m
[1;34mCreating build/Project_template.bin[0m
[1;34mCreating build/Project_template.dmp[0m

   text	   data	    bss	    dec	    hex	filename
  58692	   2980	  16092	  77764	  12fc4	build/Project_template.elf
[1;34mCreating build/Project_template.list[0m

[1;34mDone[0m
12:49:42 **** Incremental Build of configuration Default for project ProjectTest ****
make all 
make: Nothing to be done for 'all'.
12:49:58 **** Incremental Build of configuration Default for project ProjectTest ****
make all 
make: Nothing to be done for 'all'.
12:51:28 **** Incremental Build of configuration Default for project ProjectTest ****
make all 
[1;34mCompiling main.c[0m
main.c: In function 'main':
main.c:28:5: warning: implicit declaration of function 'motors_init'; did you mean '_core_init'? [-Wimplicit-function-declaration]
     motors_init();
     ^~~~~~~~~~~
     _core_init
main.c:51:7: warning: implicit declaration of function 'left_motor_set_speed' [-Wimplicit-function-declaration]
       left_motor_set_speed(500);
       ^~~~~~~~~~~~~~~~~~~~
main.c:52:7: warning: implicit declaration of function 'right_motor_set_speed' [-Wimplicit-function-declaration]
       right_motor_set_speed(-500);
       ^~~~~~~~~~~~~~~~~~~~~
[1;34mLinking build/Project_template.elf[0m
[1;34mCreating build/Project_template.hex[0m
[1;34mCreating build/Project_template.bin[0m
[1;34mCreating build/Project_template.dmp[0m

   text	   data	    bss	    dec	    hex	filename
  58692	   2980	  16092	  77764	  12fc4	build/Project_template.elf
[1;34mCreating build/Project_template.list[0m

[1;34mDone[0m
12:51:44 **** Incremental Build of configuration Default for project ProjectTest ****
make all 
make: Nothing to be done for 'all'.
12:51:45 **** Incremental Build of configuration Default for project ProjectTest ****
make all 
make: Nothing to be done for 'all'.
12:53:57 **** Incremental Build of configuration Default for project ProjectTest ****
make all 
[1;34mCompiling main.c[0m
main.c: In function 'main':
main.c:30:5: warning: implicit declaration of function 'motors_init'; did you mean '_core_init'? [-Wimplicit-function-declaration]
     motors_init();
     ^~~~~~~~~~~
     _core_init
main.c:54:7: warning: implicit declaration of function 'left_motor_set_speed' [-Wimplicit-function-declaration]
       left_motor_set_speed(500);
       ^~~~~~~~~~~~~~~~~~~~
main.c:55:7: warning: implicit declaration of function 'right_motor_set_speed' [-Wimplicit-function-declaration]
       right_motor_set_speed(-500);
       ^~~~~~~~~~~~~~~~~~~~~
[1;34mLinking build/Project_template.elf[0m
[1;34mCreating build/Project_template.hex[0m
[1;34mCreating build/Project_template.bin[0m
[1;34mCreating build/Project_template.dmp[0m

   text	   data	    bss	    dec	    hex	filename
  58772	   3004	  16100	  77876	  13034	build/Project_template.elf
[1;34mCreating build/Project_template.list[0m

[1;34mDone[0m
12:54:01 **** Incremental Build of configuration Default for project ProjectTest ****
make all 
make: Nothing to be done for 'all'.
12:56:18 **** Incremental Build of configuration Default for project ProjectTest ****
make all 
[1;34mCompiling main.c[0m
main.c: In function 'main':
main.c:30:5: warning: implicit declaration of function 'motors_init'; did you mean '_core_init'? [-Wimplicit-function-declaration]
     motors_init();
     ^~~~~~~~~~~
     _core_init
main.c:32:5: error: too few arguments to function 'proximity_start'
     proximity_start();
     ^~~~~~~~~~~~~~~
In file included from main.c:14:0:
../e-puck2_main-processor/src/sensors/proximity.h:36:6: note: declared here
 void proximity_start(uint8_t mode);
      ^~~~~~~~~~~~~~~
main.c:56:7: warning: implicit declaration of function 'left_motor_set_speed' [-Wimplicit-function-declaration]
       left_motor_set_speed(500);
       ^~~~~~~~~~~~~~~~~~~~
main.c:57:7: warning: implicit declaration of function 'right_motor_set_speed' [-Wimplicit-function-declaration]
       right_motor_set_speed(-500);
       ^~~~~~~~~~~~~~~~~~~~~
make: *** [../e-puck2_main-processor/ChibiOS//os/common/ports/ARMCMx/compilers/GCC/rules.mk:217: build/obj/main.o] Error 1
"make all" terminated with exit code 2. Build might be incomplete.
12:56:22 **** Incremental Build of configuration Default for project ProjectTest ****
make all 
[1;34mCompiling main.c[0m
main.c: In function 'main':
main.c:30:5: warning: implicit declaration of function 'motors_init'; did you mean '_core_init'? [-Wimplicit-function-declaration]
     motors_init();
     ^~~~~~~~~~~
     _core_init
main.c:32:5: error: too few arguments to function 'proximity_start'
     proximity_start();
     ^~~~~~~~~~~~~~~
In file included from main.c:14:0:
../e-puck2_main-processor/src/sensors/proximity.h:36:6: note: declared here
 void proximity_start(uint8_t mode);
      ^~~~~~~~~~~~~~~
main.c:56:7: warning: implicit declaration of function 'left_motor_set_speed' [-Wimplicit-function-declaration]
       left_motor_set_speed(500);
       ^~~~~~~~~~~~~~~~~~~~
main.c:57:7: warning: implicit declaration of function 'right_motor_set_speed' [-Wimplicit-function-declaration]
       right_motor_set_speed(-500);
       ^~~~~~~~~~~~~~~~~~~~~
make: *** [../e-puck2_main-processor/ChibiOS//os/common/ports/ARMCMx/compilers/GCC/rules.mk:217: build/obj/main.o] Error 1
"make all" terminated with exit code 2. Build might be incomplete.
12:56:47 **** Incremental Build of configuration Default for project ProjectTest ****
make all 
[1;34mCompiling main.c[0m
main.c: In function 'main':
main.c:30:5: warning: implicit declaration of function 'motors_init'; did you mean '_core_init'? [-Wimplicit-function-declaration]
     motors_init();
     ^~~~~~~~~~~
     _core_init
main.c:33:5: error: too many arguments to function 'calibrate_ir'
     calibrate_ir(1);
     ^~~~~~~~~~~~
In file included from main.c:14:0:
../e-puck2_main-processor/src/sensors/proximity.h:46:6: note: declared here
 void calibrate_ir(void);
      ^~~~~~~~~~~~
main.c:56:7: warning: implicit declaration of function 'left_motor_set_speed' [-Wimplicit-function-declaration]
       left_motor_set_speed(500);
       ^~~~~~~~~~~~~~~~~~~~
main.c:57:7: warning: implicit declaration of function 'right_motor_set_speed' [-Wimplicit-function-declaration]
       right_motor_set_speed(-500);
       ^~~~~~~~~~~~~~~~~~~~~
make: *** [../e-puck2_main-processor/ChibiOS//os/common/ports/ARMCMx/compilers/GCC/rules.mk:217: build/obj/main.o] Error 1
"make all" terminated with exit code 2. Build might be incomplete.
12:57:01 **** Incremental Build of configuration Default for project ProjectTest ****
make all 
[1;34mCompiling main.c[0m
main.c: In function 'main':
main.c:30:5: warning: implicit declaration of function 'motors_init'; did you mean '_core_init'? [-Wimplicit-function-declaration]
     motors_init();
     ^~~~~~~~~~~
     _core_init
main.c:33:18: error: expected expression before 'void'
     calibrate_ir(void);
                  ^~~~
main.c:33:5: error: too many arguments to function 'calibrate_ir'
     calibrate_ir(void);
     ^~~~~~~~~~~~
In file included from main.c:14:0:
../e-puck2_main-processor/src/sensors/proximity.h:46:6: note: declared here
 void calibrate_ir(void);
      ^~~~~~~~~~~~
main.c:56:7: warning: implicit declaration of function 'left_motor_set_speed' [-Wimplicit-function-declaration]
       left_motor_set_speed(500);
       ^~~~~~~~~~~~~~~~~~~~
main.c:57:7: warning: implicit declaration of function 'right_motor_set_speed' [-Wimplicit-function-declaration]
       right_motor_set_speed(-500);
       ^~~~~~~~~~~~~~~~~~~~~
make: *** [../e-puck2_main-processor/ChibiOS//os/common/ports/ARMCMx/compilers/GCC/rules.mk:217: build/obj/main.o] Error 1
"make all" terminated with exit code 2. Build might be incomplete.
12:57:08 **** Incremental Build of configuration Default for project ProjectTest ****
make all 
[1;34mCompiling main.c[0m
main.c: In function 'main':
main.c:30:5: warning: implicit declaration of function 'motors_init'; did you mean '_core_init'? [-Wimplicit-function-declaration]
     motors_init();
     ^~~~~~~~~~~
     _core_init
main.c:56:7: warning: implicit declaration of function 'left_motor_set_speed' [-Wimplicit-function-declaration]
       left_motor_set_speed(500);
       ^~~~~~~~~~~~~~~~~~~~
main.c:57:7: warning: implicit declaration of function 'right_motor_set_speed' [-Wimplicit-function-declaration]
       right_motor_set_speed(-500);
       ^~~~~~~~~~~~~~~~~~~~~
[1;34mLinking build/Project_template.elf[0m
[1;34mCreating build/Project_template.hex[0m
[1;34mCreating build/Project_template.bin[0m
[1;34mCreating build/Project_template.dmp[0m

   text	   data	    bss	    dec	    hex	filename
  62308	   3068	  16868	  82244	  14144	build/Project_template.elf
[1;34mCreating build/Project_template.list[0m

[1;34mDone[0m
12:57:14 **** Incremental Build of configuration Default for project ProjectTest ****
make all 
make: Nothing to be done for 'all'.
12:58:25 **** Incremental Build of configuration Default for project ProjectTest ****
make all 
[1;34mCompiling main.c[0m
main.c: In function 'main':
main.c:30:5: warning: implicit declaration of function 'motors_init'; did you mean '_core_init'? [-Wimplicit-function-declaration]
     motors_init();
     ^~~~~~~~~~~
     _core_init
main.c:56:7: warning: implicit declaration of function 'left_motor_set_speed' [-Wimplicit-function-declaration]
       left_motor_set_speed(500);
       ^~~~~~~~~~~~~~~~~~~~
main.c:57:7: warning: implicit declaration of function 'right_motor_set_speed' [-Wimplicit-function-declaration]
       right_motor_set_speed(-500);
       ^~~~~~~~~~~~~~~~~~~~~
[1;34mLinking build/Project_template.elf[0m
[1;34mCreating build/Project_template.hex[0m
[1;34mCreating build/Project_template.bin[0m
[1;34mCreating build/Project_template.dmp[0m

   text	   data	    bss	    dec	    hex	filename
  62324	   3068	  16868	  82260	  14154	build/Project_template.elf
[1;34mCreating build/Project_template.list[0m

[1;34mDone[0m
12:58:28 **** Incremental Build of configuration Default for project ProjectTest ****
make all 
make: Nothing to be done for 'all'.
12:58:37 **** Incremental Build of configuration Default for project ProjectTest ****
make all 
make: Nothing to be done for 'all'.
13:01:40 **** Incremental Build of configuration Default for project ProjectTest ****
make all 
[1;34mCompiling main.c[0m
main.c: In function 'main':
main.c:34:5: warning: implicit declaration of function 'motors_init'; did you mean '_core_init'? [-Wimplicit-function-declaration]
     motors_init();
     ^~~~~~~~~~~
     _core_init
main.c:61:7: warning: implicit declaration of function 'left_motor_set_speed' [-Wimplicit-function-declaration]
       left_motor_set_speed(500);
       ^~~~~~~~~~~~~~~~~~~~
main.c:62:7: warning: implicit declaration of function 'right_motor_set_speed' [-Wimplicit-function-declaration]
       right_motor_set_speed(-500);
       ^~~~~~~~~~~~~~~~~~~~~
[1;34mLinking build/Project_template.elf[0m
[1;34mCreating build/Project_template.hex[0m
[1;34mCreating build/Project_template.bin[0m
[1;34mCreating build/Project_template.dmp[0m

   text	   data	    bss	    dec	    hex	filename
  63284	   3084	  17508	  83876	  147a4	build/Project_template.elf
[1;34mCreating build/Project_template.list[0m

[1;34mDone[0m
13:01:47 **** Incremental Build of configuration Default for project ProjectTest ****
make all 
[1;34mCompiling main.c[0m
main.c: In function 'main':
main.c:34:5: warning: implicit declaration of function 'motors_init'; did you mean '_core_init'? [-Wimplicit-function-declaration]
     motors_init();
     ^~~~~~~~~~~
     _core_init
main.c:36:5: error: too few arguments to function 'proximity_start'
     proximity_start();
     ^~~~~~~~~~~~~~~
In file included from main.c:14:0:
../e-puck2_main-processor/src/sensors/proximity.h:36:6: note: declared here
 void proximity_start(uint8_t mode);
      ^~~~~~~~~~~~~~~
main.c:61:7: warning: implicit declaration of function 'left_motor_set_speed' [-Wimplicit-function-declaration]
       left_motor_set_speed(500);
       ^~~~~~~~~~~~~~~~~~~~
main.c:62:7: warning: implicit declaration of function 'right_motor_set_speed' [-Wimplicit-function-declaration]
       right_motor_set_speed(-500);
       ^~~~~~~~~~~~~~~~~~~~~
make: *** [../e-puck2_main-processor/ChibiOS//os/common/ports/ARMCMx/compilers/GCC/rules.mk:217: build/obj/main.o] Error 1
"make all" terminated with exit code 2. Build might be incomplete.
13:01:51 **** Incremental Build of configuration Default for project ProjectTest ****
make all 
[1;34mCompiling main.c[0m
main.c: In function 'main':
main.c:34:5: warning: implicit declaration of function 'motors_init'; did you mean '_core_init'? [-Wimplicit-function-declaration]
     motors_init();
     ^~~~~~~~~~~
     _core_init
main.c:61:7: warning: implicit declaration of function 'left_motor_set_speed' [-Wimplicit-function-declaration]
       left_motor_set_speed(500);
       ^~~~~~~~~~~~~~~~~~~~
main.c:62:7: warning: implicit declaration of function 'right_motor_set_speed' [-Wimplicit-function-declaration]
       right_motor_set_speed(-500);
       ^~~~~~~~~~~~~~~~~~~~~
[1;34mLinking build/Project_template.elf[0m
[1;34mCreating build/Project_template.hex[0m
[1;34mCreating build/Project_template.bin[0m
[1;34mCreating build/Project_template.dmp[0m

   text	   data	    bss	    dec	    hex	filename
  63284	   3084	  17508	  83876	  147a4	build/Project_template.elf
[1;34mCreating build/Project_template.list[0m

[1;34mDone[0m
13:13:31 **** Incremental Build of configuration Default for project ProjectTest ****
make all 
[1;34mCompiling main.c[0m
main.c: In function 'main':
main.c:34:5: warning: implicit declaration of function 'motors_init'; did you mean '_core_init'? [-Wimplicit-function-declaration]
     motors_init();
     ^~~~~~~~~~~
     _core_init
main.c:64:7: warning: implicit declaration of function 'left_motor_set_speed' [-Wimplicit-function-declaration]
       left_motor_set_speed(500);
       ^~~~~~~~~~~~~~~~~~~~
main.c:65:7: warning: implicit declaration of function 'right_motor_set_speed' [-Wimplicit-function-declaration]
       right_motor_set_speed(-500);
       ^~~~~~~~~~~~~~~~~~~~~
[1;34mLinking build/Project_template.elf[0m
[1;34mCreating build/Project_template.hex[0m
[1;34mCreating build/Project_template.bin[0m
[1;34mCreating build/Project_template.dmp[0m

   text	   data	    bss	    dec	    hex	filename
  63396	   3084	  17508	  83988	  14814	build/Project_template.elf
[1;34mCreating build/Project_template.list[0m

[1;34mDone[0m
13:13:34 **** Incremental Build of configuration Default for project ProjectTest ****
make all 
make: Nothing to be done for 'all'.
